# JRE version: OpenJDK Runtime Environment (8.0_91-b14) (build 1.8.0_91-8u91-b14-0ubuntu4~14.04-b14)
# Java VM: OpenJDK 64-Bit Server VM (25.91-b14 mixed mode linux-amd64 compressed oops)
Heap:
 PSYoungGen      total 34816K, used 17667K [0x00000000eab00000, 0x00000000ed180000, 0x0000000100000000)
  eden space 30208K, 43% used [0x00000000eab00000,0x00000000eb7c7998,0x00000000ec880000)
  from space 4608K, 99% used [0x00000000ec880000,0x00000000eccf9410,0x00000000ecd00000)
  to   space 4608K, 0% used [0x00000000ecd00000,0x00000000ecd00000,0x00000000ed180000)
 ParOldGen       total 79360K, used 3764K [0x00000000c0000000, 0x00000000c4d80000, 0x00000000eab00000)
  object space 79360K, 4% used [0x00000000c0000000,0x00000000c03ad0e8,0x00000000c4d80000)
 Metaspace       used 17287K, capacity 17692K, committed 17792K, reserved 1064960K
  class space    used 2312K, capacity 2432K, committed 2432K, reserved 1048576K
GC Heap History (6 events):
Event: 1.739 GC heap before
{Heap before GC invocations=1 (full 0):
 PSYoungGen      total 34816K, used 30208K [0x00000000eab00000, 0x00000000ed180000, 0x0000000100000000)
  eden space 30208K, 100% used [0x00000000eab00000,0x00000000ec880000,0x00000000ec880000)
  from space 4608K, 0% used [0x00000000ecd00000,0x00000000ecd00000,0x00000000ed180000)
  to   space 4608K, 0% used [0x00000000ec880000,0x00000000ec880000,0x00000000ecd00000)
 ParOldGen       total 79360K, used 0K [0x00000000c0000000, 0x00000000c4d80000, 0x00000000eab00000)
  object space 79360K, 0% used [0x00000000c0000000,0x00000000c0000000,0x00000000c4d80000)
 Metaspace       used 5897K, capacity 6206K, committed 6528K, reserved 1056768K
  class space    used 743K, capacity 794K, committed 896K, reserved 1048576K
Event: 1.749 GC heap after
Heap after GC invocations=1 (full 0):
 PSYoungGen      total 34816K, used 3495K [0x00000000eab00000, 0x00000000ed180000, 0x0000000100000000)
  eden space 30208K, 0% used [0x00000000eab00000,0x00000000eab00000,0x00000000ec880000)
  from space 4608K, 75% used [0x00000000ec880000,0x00000000ecbe9e80,0x00000000ecd00000)
  to   space 4608K, 0% used [0x00000000ecd00000,0x00000000ecd00000,0x00000000ed180000)
 ParOldGen       total 79360K, used 8K [0x00000000c0000000, 0x00000000c4d80000, 0x00000000eab00000)
  object space 79360K, 0% used [0x00000000c0000000,0x00000000c0002000,0x00000000c4d80000)
 Metaspace       used 5897K, capacity 6206K, committed 6528K, reserved 1056768K
  class space    used 743K, capacity 794K, committed 896K, reserved 1048576K
}
Event: 3.900 GC heap before
{Heap before GC invocations=2 (full 0):
 PSYoungGen      total 34816K, used 33703K [0x00000000eab00000, 0x00000000ed180000, 0x0000000100000000)
  eden space 30208K, 100% used [0x00000000eab00000,0x00000000ec880000,0x00000000ec880000)
  from space 4608K, 75% used [0x00000000ec880000,0x00000000ecbe9e80,0x00000000ecd00000)
  to   space 4608K, 0% used [0x00000000ecd00000,0x00000000ecd00000,0x00000000ed180000)
 ParOldGen       total 79360K, used 8K [0x00000000c0000000, 0x00000000c4d80000, 0x00000000eab00000)
  object space 79360K, 0% used [0x00000000c0000000,0x00000000c0002000,0x00000000c4d80000)
 Metaspace       used 11088K, capacity 11522K, committed 11648K, reserved 1058816K
  class space    used 1462K, capacity 1595K, committed 1664K, reserved 1048576K
Event: 3.922 GC heap after
Heap after GC invocations=2 (full 0):
 PSYoungGen      total 34816K, used 4582K [0x00000000eab00000, 0x00000000ed180000, 0x0000000100000000)
  eden space 30208K, 0% used [0x00000000eab00000,0x00000000eab00000,0x00000000ec880000)
  from space 4608K, 99% used [0x00000000ecd00000,0x00000000ed179bd8,0x00000000ed180000)
  to   space 4608K, 0% used [0x00000000ec880000,0x00000000ec880000,0x00000000ecd00000)
 ParOldGen       total 79360K, used 528K [0x00000000c0000000, 0x00000000c4d80000, 0x00000000eab00000)
  object space 79360K, 0% used [0x00000000c0000000,0x00000000c0084190,0x00000000c4d80000)
 Metaspace       used 11088K, capacity 11522K, committed 11648K, reserved 1058816K
  class space    used 1462K, capacity 1595K, committed 1664K, reserved 1048576K
}
Event: 5.493 GC heap before
{Heap before GC invocations=3 (full 0):
 PSYoungGen      total 34816K, used 34790K [0x00000000eab00000, 0x00000000ed180000, 0x0000000100000000)
  eden space 30208K, 100% used [0x00000000eab00000,0x00000000ec880000,0x00000000ec880000)
  from space 4608K, 99% used [0x00000000ecd00000,0x00000000ed179bd8,0x00000000ed180000)
  to   space 4608K, 0% used [0x00000000ec880000,0x00000000ec880000,0x00000000ecd00000)
 ParOldGen       total 79360K, used 528K [0x00000000c0000000, 0x00000000c4d80000, 0x00000000eab00000)
  object space 79360K, 0% used [0x00000000c0000000,0x00000000c0084190,0x00000000c4d80000)
 Metaspace       used 16045K, capacity 16418K, committed 16640K, reserved 1062912K
  class space    used 2100K, capacity 2203K, committed 2304K, reserved 1048576K
Event: 5.512 GC heap after
Heap after GC invocations=3 (full 0):
 PSYoungGen      total 34816K, used 4581K [0x00000000eab00000, 0x00000000ed180000, 0x0000000100000000)
  eden space 30208K, 0% used [0x00000000eab00000,0x00000000eab00000,0x00000000ec880000)
  from space 4608K, 99% used [0x00000000ec880000,0x00000000eccf9410,0x00000000ecd00000)
  to   space 4608K, 0% used [0x00000000ecd00000,0x00000000ecd00000,0x00000000ed180000)
 ParOldGen       total 79360K, used 3764K [0x00000000c0000000, 0x00000000c4d80000, 0x00000000eab00000)
  object space 79360K, 4% used [0x00000000c0000000,0x00000000c03ad0e8,0x00000000c4d80000)
 Metaspace       used 16045K, capacity 16418K, committed 16640K, reserved 1062912K
  class space    used 2100K, capacity 2203K, committed 2304K, reserved 1048576K
}

