# JRE version: OpenJDK Runtime Environment (8.0_91-b14) (build 1.8.0_91-8u91-b14-0ubuntu4~14.04-b14)
# Java VM: OpenJDK 64-Bit Server VM (25.91-b14 mixed mode linux-amd64 compressed oops)
Heap:
 PSYoungGen      total 168960K, used 42736K [0x00000000eab00000, 0x00000000f6780000, 0x0000000100000000)
  eden space 156160K, 19% used [0x00000000eab00000,0x00000000ec83f530,0x00000000f4380000)
  from space 12800K, 99% used [0x00000000f5380000,0x00000000f5ffcc90,0x00000000f6000000)
  to   space 16384K, 0% used [0x00000000f4380000,0x00000000f4380000,0x00000000f5380000)
 ParOldGen       total 94208K, used 25506K [0x00000000c0000000, 0x00000000c5c00000, 0x00000000eab00000)
  object space 94208K, 27% used [0x00000000c0000000,0x00000000c18e8b78,0x00000000c5c00000)
 Metaspace       used 48882K, capacity 50584K, committed 50688K, reserved 1093632K
  class space    used 6546K, capacity 6897K, committed 6912K, reserved 1048576K
GC Heap History (10 events):
Event: 17.183 GC heap before
{Heap before GC invocations=8 (full 1):
 PSYoungGen      total 97792K, used 97285K [0x00000000eab00000, 0x00000000f3200000, 0x0000000100000000)
  eden space 90624K, 100% used [0x00000000eab00000,0x00000000f0380000,0x00000000f0380000)
  from space 7168K, 92% used [0x00000000f2b00000,0x00000000f31816d8,0x00000000f3200000)
  to   space 9728K, 0% used [0x00000000f1f00000,0x00000000f1f00000,0x00000000f2880000)
 ParOldGen       total 58368K, used 8855K [0x00000000c0000000, 0x00000000c3900000, 0x00000000eab00000)
  object space 58368K, 15% used [0x00000000c0000000,0x00000000c08a5f18,0x00000000c3900000)
 Metaspace       used 27929K, capacity 28574K, committed 28928K, reserved 1075200K
  class space    used 3824K, capacity 3987K, committed 4096K, reserved 1048576K
Event: 17.208 GC heap after
Heap after GC invocations=8 (full 1):
 PSYoungGen      total 128512K, used 6747K [0x00000000eab00000, 0x00000000f3c80000, 0x0000000100000000)
  eden space 118784K, 0% used [0x00000000eab00000,0x00000000eab00000,0x00000000f1f00000)
  from space 9728K, 69% used [0x00000000f1f00000,0x00000000f2596c18,0x00000000f2880000)
  to   space 9216K, 0% used [0x00000000f3380000,0x00000000f3380000,0x00000000f3c80000)
 ParOldGen       total 58368K, used 8935K [0x00000000c0000000, 0x00000000c3900000, 0x00000000eab00000)
  object space 58368K, 15% used [0x00000000c0000000,0x00000000c08b9f40,0x00000000c3900000)
 Metaspace       used 27929K, capacity 28574K, committed 28928K, reserved 1075200K
  class space    used 3824K, capacity 3987K, committed 4096K, reserved 1048576K
}
Event: 23.154 GC heap before
{Heap before GC invocations=9 (full 1):
 PSYoungGen      total 128512K, used 108671K [0x00000000eab00000, 0x00000000f3c80000, 0x0000000100000000)
  eden space 118784K, 85% used [0x00000000eab00000,0x00000000f0e89160,0x00000000f1f00000)
  from space 9728K, 69% used [0x00000000f1f00000,0x00000000f2596c18,0x00000000f2880000)
  to   space 9216K, 0% used [0x00000000f3380000,0x00000000f3380000,0x00000000f3c80000)
 ParOldGen       total 58368K, used 8935K [0x00000000c0000000, 0x00000000c3900000, 0x00000000eab00000)
  object space 58368K, 15% used [0x00000000c0000000,0x00000000c08b9f40,0x00000000c3900000)
 Metaspace       used 34391K, capacity 35200K, committed 35456K, reserved 1079296K
  class space    used 4633K, capacity 4874K, committed 4992K, reserved 1048576K
Event: 23.195 GC heap after
Heap after GC invocations=9 (full 1):
 PSYoungGen      total 137216K, used 9212K [0x00000000eab00000, 0x00000000f6500000, 0x0000000100000000)
  eden space 128000K, 0% used [0x00000000eab00000,0x00000000eab00000,0x00000000f2800000)
  from space 9216K, 99% used [0x00000000f3380000,0x00000000f3c7f0e0,0x00000000f3c80000)
  to   space 11776K, 0% used [0x00000000f2800000,0x00000000f2800000,0x00000000f3380000)
 ParOldGen       total 58368K, used 11729K [0x00000000c0000000, 0x00000000c3900000, 0x00000000eab00000)
  object space 58368K, 20% used [0x00000000c0000000,0x00000000c0b74440,0x00000000c3900000)
 Metaspace       used 34391K, capacity 35200K, committed 35456K, reserved 1079296K
  class space    used 4633K, capacity 4874K, committed 4992K, reserved 1048576K
}
Event: 23.195 GC heap before
{Heap before GC invocations=10 (full 2):
 PSYoungGen      total 137216K, used 9212K [0x00000000eab00000, 0x00000000f6500000, 0x0000000100000000)
  eden space 128000K, 0% used [0x00000000eab00000,0x00000000eab00000,0x00000000f2800000)
  from space 9216K, 99% used [0x00000000f3380000,0x00000000f3c7f0e0,0x00000000f3c80000)
  to   space 11776K, 0% used [0x00000000f2800000,0x00000000f2800000,0x00000000f3380000)
 ParOldGen       total 58368K, used 11729K [0x00000000c0000000, 0x00000000c3900000, 0x00000000eab00000)
  object space 58368K, 20% used [0x00000000c0000000,0x00000000c0b74440,0x00000000c3900000)
 Metaspace       used 34391K, capacity 35200K, committed 35456K, reserved 1079296K
  class space    used 4633K, capacity 4874K, committed 4992K, reserved 1048576K
Event: 23.418 GC heap after
Heap after GC invocations=10 (full 2):
 PSYoungGen      total 137216K, used 0K [0x00000000eab00000, 0x00000000f6500000, 0x0000000100000000)
  eden space 128000K, 0% used [0x00000000eab00000,0x00000000eab00000,0x00000000f2800000)
  from space 9216K, 0% used [0x00000000f3380000,0x00000000f3380000,0x00000000f3c80000)
  to   space 11776K, 0% used [0x00000000f2800000,0x00000000f2800000,0x00000000f3380000)
 ParOldGen       total 94208K, used 19439K [0x00000000c0000000, 0x00000000c5c00000, 0x00000000eab00000)
  object space 94208K, 20% used [0x00000000c0000000,0x00000000c12fbda8,0x00000000c5c00000)
 Metaspace       used 34391K, capacity 35200K, committed 35456K, reserved 1079296K
  class space    used 4633K, capacity 4874K, committed 4992K, reserved 1048576K
}
Event: 27.198 GC heap before
{Heap before GC invocations=11 (full 2):
 PSYoungGen      total 137216K, used 128000K [0x00000000eab00000, 0x00000000f6500000, 0x0000000100000000)
  eden space 128000K, 100% used [0x00000000eab00000,0x00000000f2800000,0x00000000f2800000)
  from space 9216K, 0% used [0x00000000f3380000,0x00000000f3380000,0x00000000f3c80000)
  to   space 11776K, 0% used [0x00000000f2800000,0x00000000f2800000,0x00000000f3380000)
 ParOldGen       total 94208K, used 19439K [0x00000000c0000000, 0x00000000c5c00000, 0x00000000eab00000)
  object space 94208K, 20% used [0x00000000c0000000,0x00000000c12fbda8,0x00000000c5c00000)
 Metaspace       used 42745K, capacity 43774K, committed 43904K, reserved 1087488K
  class space    used 5706K, capacity 5971K, committed 6016K, reserved 1048576K
Event: 27.227 GC heap after
Heap after GC invocations=11 (full 2):
 PSYoungGen      total 139776K, used 11441K [0x00000000eab00000, 0x00000000f6000000, 0x0000000100000000)
  eden space 128000K, 0% used [0x00000000eab00000,0x00000000eab00000,0x00000000f2800000)
  from space 11776K, 97% used [0x00000000f2800000,0x00000000f332c748,0x00000000f3380000)
  to   space 12800K, 0% used [0x00000000f5380000,0x00000000f5380000,0x00000000f6000000)
 ParOldGen       total 94208K, used 19511K [0x00000000c0000000, 0x00000000c5c00000, 0x00000000eab00000)
  object space 94208K, 20% used [0x00000000c0000000,0x00000000c130ddb8,0x00000000c5c00000)
 Metaspace       used 42745K, capacity 43774K, committed 43904K, reserved 1087488K
  class space    used 5706K, capacity 5971K, committed 6016K, reserved 1048576K
}
Event: 31.352 GC heap before
{Heap before GC invocations=12 (full 2):
 PSYoungGen      total 139776K, used 139441K [0x00000000eab00000, 0x00000000f6000000, 0x0000000100000000)
  eden space 128000K, 100% used [0x00000000eab00000,0x00000000f2800000,0x00000000f2800000)
  from space 11776K, 97% used [0x00000000f2800000,0x00000000f332c748,0x00000000f3380000)
  to   space 12800K, 0% used [0x00000000f5380000,0x00000000f5380000,0x00000000f6000000)
 ParOldGen       total 94208K, used 19511K [0x00000000c0000000, 0x00000000c5c00000, 0x00000000eab00000)
  object space 94208K, 20% used [0x00000000c0000000,0x00000000c130ddb8,0x00000000c5c00000)
 Metaspace       used 48353K, capacity 49946K, committed 50176K, reserved 1093632K
  class space    used 6492K, capacity 6849K, committed 6912K, reserved 1048576K
Event: 31.407 GC heap after
Heap after GC invocations=12 (full 2):
 PSYoungGen      total 168960K, used 12787K [0x00000000eab00000, 0x00000000f6780000, 0x0000000100000000)
  eden space 156160K, 0% used [0x00000000eab00000,0x00000000eab00000,0x00000000f4380000)
  from space 12800K, 99% used [0x00000000f5380000,0x00000000f5ffcc90,0x00000000f6000000)
  to   space 16384K, 0% used [0x00000000f4380000,0x00000000f4380000,0x00000000f5380000)
 ParOldGen       total 94208K, used 25506K [0x00000000c0000000, 0x00000000c5c00000, 0x00000000eab00000)
  object space 94208K, 27% used [0x00000000c0000000,0x00000000c18e8b78,0x00000000c5c00000)
 Metaspace       used 48353K, capacity 49946K, committed 50176K, reserved 1093632K
  class space    used 6492K, capacity 6849K, committed 6912K, reserved 1048576K
}

