# JRE version: OpenJDK Runtime Environment (8.0_91-b14) (build 1.8.0_91-8u91-b14-0ubuntu4~14.04-b14)
# Java VM: OpenJDK 64-Bit Server VM (25.91-b14 mixed mode linux-amd64 compressed oops)
Heap:
 PSYoungGen      total 269312K, used 91384K [0x00000000eab00000, 0x0000000100000000, 0x0000000100000000)
  eden space 201728K, 16% used [0x00000000eab00000,0x00000000ecbd8c28,0x00000000f7000000)
  from space 67584K, 85% used [0x00000000fbe00000,0x00000000ff665458,0x0000000100000000)
  to   space 73728K, 0% used [0x00000000f7000000,0x00000000f7000000,0x00000000fb800000)
 ParOldGen       total 198144K, used 79669K [0x00000000c0000000, 0x00000000cc180000, 0x00000000eab00000)
  object space 198144K, 40% used [0x00000000c0000000,0x00000000c4dcd6b0,0x00000000cc180000)
 Metaspace       used 80927K, capacity 85760K, committed 86528K, reserved 1124352K
  class space    used 9684K, capacity 10479K, committed 10752K, reserved 1048576K
GC Heap History (10 events):
Event: 2456.354 GC heap before
{Heap before GC invocations=77 (full 9):
 PSYoungGen      total 263168K, used 211281K [0x00000000eab00000, 0x00000000ff700000, 0x0000000100000000)
  eden space 183808K, 100% used [0x00000000eab00000,0x00000000f5e80000,0x00000000f5e80000)
  from space 79360K, 34% used [0x00000000f5e80000,0x00000000f7954470,0x00000000fac00000)
  to   space 75776K, 0% used [0x00000000fad00000,0x00000000fad00000,0x00000000ff700000)
 ParOldGen       total 198144K, used 79661K [0x00000000c0000000, 0x00000000cc180000, 0x00000000eab00000)
  object space 198144K, 40% used [0x00000000c0000000,0x00000000c4dcb6b0,0x00000000cc180000)
 Metaspace       used 80889K, capacity 85696K, committed 86528K, reserved 1124352K
  class space    used 9683K, capacity 10479K, committed 10752K, reserved 1048576K
Event: 2456.420 GC heap after
Heap after GC invocations=77 (full 9):
 PSYoungGen      total 266240K, used 28381K [0x00000000eab00000, 0x00000000ff580000, 0x0000000100000000)
  eden space 192000K, 0% used [0x00000000eab00000,0x00000000eab00000,0x00000000f6680000)
  from space 74240K, 38% used [0x00000000fad00000,0x00000000fc8b7590,0x00000000ff580000)
  to   space 72192K, 0% used [0x00000000f6680000,0x00000000f6680000,0x00000000fad00000)
 ParOldGen       total 198144K, used 79661K [0x00000000c0000000, 0x00000000cc180000, 0x00000000eab00000)
  object space 198144K, 40% used [0x00000000c0000000,0x00000000c4dcb6b0,0x00000000cc180000)
 Metaspace       used 80889K, capacity 85696K, committed 86528K, reserved 1124352K
  class space    used 9683K, capacity 10479K, committed 10752K, reserved 1048576K
}
Event: 2458.603 GC heap before
{Heap before GC invocations=78 (full 9):
 PSYoungGen      total 266240K, used 220381K [0x00000000eab00000, 0x00000000ff580000, 0x0000000100000000)
  eden space 192000K, 100% used [0x00000000eab00000,0x00000000f6680000,0x00000000f6680000)
  from space 74240K, 38% used [0x00000000fad00000,0x00000000fc8b7590,0x00000000ff580000)
  to   space 72192K, 0% used [0x00000000f6680000,0x00000000f6680000,0x00000000fad00000)
 ParOldGen       total 198144K, used 79661K [0x00000000c0000000, 0x00000000cc180000, 0x00000000eab00000)
  object space 198144K, 40% used [0x00000000c0000000,0x00000000c4dcb6b0,0x00000000cc180000)
 Metaspace       used 80889K, capacity 85696K, committed 86528K, reserved 1124352K
  class space    used 9683K, capacity 10479K, committed 10752K, reserved 1048576K
Event: 2458.664 GC heap after
Heap after GC invocations=78 (full 9):
 PSYoungGen      total 264192K, used 32106K [0x00000000eab00000, 0x00000000ff600000, 0x0000000100000000)
  eden space 192000K, 0% used [0x00000000eab00000,0x00000000eab00000,0x00000000f6680000)
  from space 72192K, 44% used [0x00000000f6680000,0x00000000f85daad0,0x00000000fad00000)
  to   space 68096K, 0% used [0x00000000fb380000,0x00000000fb380000,0x00000000ff600000)
 ParOldGen       total 198144K, used 79661K [0x00000000c0000000, 0x00000000cc180000, 0x00000000eab00000)
  object space 198144K, 40% used [0x00000000c0000000,0x00000000c4dcb6b0,0x00000000cc180000)
 Metaspace       used 80889K, capacity 85696K, committed 86528K, reserved 1124352K
  class space    used 9683K, capacity 10479K, committed 10752K, reserved 1048576K
}
Event: 2462.314 GC heap before
{Heap before GC invocations=79 (full 9):
 PSYoungGen      total 264192K, used 224106K [0x00000000eab00000, 0x00000000ff600000, 0x0000000100000000)
  eden space 192000K, 100% used [0x00000000eab00000,0x00000000f6680000,0x00000000f6680000)
  from space 72192K, 44% used [0x00000000f6680000,0x00000000f85daad0,0x00000000fad00000)
  to   space 68096K, 0% used [0x00000000fb380000,0x00000000fb380000,0x00000000ff600000)
 ParOldGen       total 198144K, used 79661K [0x00000000c0000000, 0x00000000cc180000, 0x00000000eab00000)
  object space 198144K, 40% used [0x00000000c0000000,0x00000000c4dcb6b0,0x00000000cc180000)
 Metaspace       used 80896K, capacity 85696K, committed 86528K, reserved 1124352K
  class space    used 9683K, capacity 10479K, committed 10752K, reserved 1048576K
Event: 2462.355 GC heap after
Heap after GC invocations=79 (full 9):
 PSYoungGen      total 272896K, used 21280K [0x00000000eab00000, 0x00000000ff800000, 0x0000000100000000)
  eden space 204800K, 0% used [0x00000000eab00000,0x00000000eab00000,0x00000000f7300000)
  from space 68096K, 31% used [0x00000000fb380000,0x00000000fc848040,0x00000000ff600000)
  to   space 66048K, 0% used [0x00000000f7300000,0x00000000f7300000,0x00000000fb380000)
 ParOldGen       total 198144K, used 79661K [0x00000000c0000000, 0x00000000cc180000, 0x00000000eab00000)
  object space 198144K, 40% used [0x00000000c0000000,0x00000000c4dcb6b0,0x00000000cc180000)
 Metaspace       used 80896K, capacity 85696K, committed 86528K, reserved 1124352K
  class space    used 9683K, capacity 10479K, committed 10752K, reserved 1048576K
}
Event: 2465.047 GC heap before
{Heap before GC invocations=80 (full 9):
 PSYoungGen      total 272896K, used 226080K [0x00000000eab00000, 0x00000000ff800000, 0x0000000100000000)
  eden space 204800K, 100% used [0x00000000eab00000,0x00000000f7300000,0x00000000f7300000)
  from space 68096K, 31% used [0x00000000fb380000,0x00000000fc848040,0x00000000ff600000)
  to   space 66048K, 0% used [0x00000000f7300000,0x00000000f7300000,0x00000000fb380000)
 ParOldGen       total 198144K, used 79661K [0x00000000c0000000, 0x00000000cc180000, 0x00000000eab00000)
  object space 198144K, 40% used [0x00000000c0000000,0x00000000c4dcb6b0,0x00000000cc180000)
 Metaspace       used 80898K, capacity 85696K, committed 86528K, reserved 1124352K
  class space    used 9683K, capacity 10479K, committed 10752K, reserved 1048576K
Event: 2465.134 GC heap after
Heap after GC invocations=80 (full 9):
 PSYoungGen      total 270848K, used 43721K [0x00000000eab00000, 0x0000000100000000, 0x0000000100000000)
  eden space 204800K, 0% used [0x00000000eab00000,0x00000000eab00000,0x00000000f7300000)
  from space 66048K, 66% used [0x00000000f7300000,0x00000000f9db2770,0x00000000fb380000)
  to   space 67584K, 0% used [0x00000000fbe00000,0x00000000fbe00000,0x0000000100000000)
 ParOldGen       total 198144K, used 79661K [0x00000000c0000000, 0x00000000cc180000, 0x00000000eab00000)
  object space 198144K, 40% used [0x00000000c0000000,0x00000000c4dcb6b0,0x00000000cc180000)
 Metaspace       used 80898K, capacity 85696K, committed 86528K, reserved 1124352K
  class space    used 9683K, capacity 10479K, committed 10752K, reserved 1048576K
}
Event: 2468.145 GC heap before
{Heap before GC invocations=81 (full 9):
 PSYoungGen      total 270848K, used 248521K [0x00000000eab00000, 0x0000000100000000, 0x0000000100000000)
  eden space 204800K, 100% used [0x00000000eab00000,0x00000000f7300000,0x00000000f7300000)
  from space 66048K, 66% used [0x00000000f7300000,0x00000000f9db2770,0x00000000fb380000)
  to   space 67584K, 0% used [0x00000000fbe00000,0x00000000fbe00000,0x0000000100000000)
 ParOldGen       total 198144K, used 79661K [0x00000000c0000000, 0x00000000cc180000, 0x00000000eab00000)
  object space 198144K, 40% used [0x00000000c0000000,0x00000000c4dcb6b0,0x00000000cc180000)
 Metaspace       used 80920K, capacity 85696K, committed 86528K, reserved 1124352K
  class space    used 9684K, capacity 10479K, committed 10752K, reserved 1048576K
Event: 2468.288 GC heap after
Heap after GC invocations=81 (full 9):
 PSYoungGen      total 269312K, used 57749K [0x00000000eab00000, 0x0000000100000000, 0x0000000100000000)
  eden space 201728K, 0% used [0x00000000eab00000,0x00000000eab00000,0x00000000f7000000)
  from space 67584K, 85% used [0x00000000fbe00000,0x00000000ff665458,0x0000000100000000)
  to   space 73728K, 0% used [0x00000000f7000000,0x00000000f7000000,0x00000000fb800000)
 ParOldGen       total 198144K, used 79669K [0x00000000c0000000, 0x00000000cc180000, 0x00000000eab00000)
  object space 198144K, 40% used [0x00000000c0000000,0x00000000c4dcd6b0,0x00000000cc180000)
 Metaspace       used 80920K, capacity 85696K, committed 86528K, reserved 1124352K
  class space    used 9684K, capacity 10479K, committed 10752K, reserved 1048576K
}

