# JRE version: OpenJDK Runtime Environment (8.0_76-b03) (build 1.8.0_76-release-b03)
# Java VM: OpenJDK 64-Bit Server VM (25.76-b03 mixed mode linux-amd64 compressed oops)
Heap:
 PSYoungGen      total 99840K, used 85233K [0x00000000eab00000, 0x00000000f7d00000, 0x0000000100000000)
  eden space 86528K, 83% used [0x00000000eab00000,0x00000000ef13e298,0x00000000eff80000)
  from space 13312K, 99% used [0x00000000eff80000,0x00000000f0c7e488,0x00000000f0c80000)
  to   space 20992K, 0% used [0x00000000f6880000,0x00000000f6880000,0x00000000f7d00000)
 ParOldGen       total 58880K, used 29423K [0x00000000c0000000, 0x00000000c3980000, 0x00000000eab00000)
  object space 58880K, 49% used [0x00000000c0000000,0x00000000c1cbbc00,0x00000000c3980000)
 Metaspace       used 6194K, capacity 7088K, committed 7296K, reserved 1056768K
  class space    used 588K, capacity 616K, committed 640K, reserved 1048576K
GC Heap History (10 events):
Event: 8.859 GC heap before
{Heap before GC invocations=3 (full 0):
 PSYoungGen      total 25600K, used 25575K [0x00000000eab00000, 0x00000000edd00000, 0x0000000100000000)
  eden space 22016K, 100% used [0x00000000eab00000,0x00000000ec080000,0x00000000ec080000)
  from space 3584K, 99% used [0x00000000ec400000,0x00000000ec779d80,0x00000000ec780000)
  to   space 3584K, 0% used [0x00000000ec080000,0x00000000ec080000,0x00000000ec400000)
 ParOldGen       total 58880K, used 2829K [0x00000000c0000000, 0x00000000c3980000, 0x00000000eab00000)
  object space 58880K, 4% used [0x00000000c0000000,0x00000000c02c3620,0x00000000c3980000)
 Metaspace       used 5790K, capacity 6832K, committed 7040K, reserved 1056768K
  class space    used 570K, capacity 616K, committed 640K, reserved 1048576K
Event: 8.935 GC heap after
Heap after GC invocations=3 (full 0):
 PSYoungGen      total 25600K, used 3568K [0x00000000eab00000, 0x00000000edd00000, 0x0000000100000000)
  eden space 22016K, 0% used [0x00000000eab00000,0x00000000eab00000,0x00000000ec080000)
  from space 3584K, 99% used [0x00000000ec080000,0x00000000ec3fc038,0x00000000ec400000)
  to   space 3584K, 0% used [0x00000000ed980000,0x00000000ed980000,0x00000000edd00000)
 ParOldGen       total 58880K, used 6544K [0x00000000c0000000, 0x00000000c3980000, 0x00000000eab00000)
  object space 58880K, 11% used [0x00000000c0000000,0x00000000c06642d0,0x00000000c3980000)
 Metaspace       used 5790K, capacity 6832K, committed 7040K, reserved 1056768K
  class space    used 570K, capacity 616K, committed 640K, reserved 1048576K
}
Event: 9.672 GC heap before
{Heap before GC invocations=4 (full 0):
 PSYoungGen      total 25600K, used 25584K [0x00000000eab00000, 0x00000000edd00000, 0x0000000100000000)
  eden space 22016K, 100% used [0x00000000eab00000,0x00000000ec080000,0x00000000ec080000)
  from space 3584K, 99% used [0x00000000ec080000,0x00000000ec3fc038,0x00000000ec400000)
  to   space 3584K, 0% used [0x00000000ed980000,0x00000000ed980000,0x00000000edd00000)
 ParOldGen       total 58880K, used 6544K [0x00000000c0000000, 0x00000000c3980000, 0x00000000eab00000)
  object space 58880K, 11% used [0x00000000c0000000,0x00000000c06642d0,0x00000000c3980000)
 Metaspace       used 5809K, capacity 6832K, committed 7040K, reserved 1056768K
  class space    used 570K, capacity 616K, committed 640K, reserved 1048576K
Event: 9.758 GC heap after
Heap after GC invocations=4 (full 0):
 PSYoungGen      total 47616K, used 3552K [0x00000000eab00000, 0x00000000edd00000, 0x0000000100000000)
  eden space 44032K, 0% used [0x00000000eab00000,0x00000000eab00000,0x00000000ed600000)
  from space 3584K, 99% used [0x00000000ed980000,0x00000000edcf8028,0x00000000edd00000)
  to   space 3584K, 0% used [0x00000000ed600000,0x00000000ed600000,0x00000000ed980000)
 ParOldGen       total 58880K, used 10358K [0x00000000c0000000, 0x00000000c3980000, 0x00000000eab00000)
  object space 58880K, 17% used [0x00000000c0000000,0x00000000c0a1dbc8,0x00000000c3980000)
 Metaspace       used 5809K, capacity 6832K, committed 7040K, reserved 1056768K
  class space    used 570K, capacity 616K, committed 640K, reserved 1048576K
}
Event: 11.123 GC heap before
{Heap before GC invocations=5 (full 0):
 PSYoungGen      total 47616K, used 47584K [0x00000000eab00000, 0x00000000edd00000, 0x0000000100000000)
  eden space 44032K, 100% used [0x00000000eab00000,0x00000000ed600000,0x00000000ed600000)
  from space 3584K, 99% used [0x00000000ed980000,0x00000000edcf8028,0x00000000edd00000)
  to   space 3584K, 0% used [0x00000000ed600000,0x00000000ed600000,0x00000000ed980000)
 ParOldGen       total 58880K, used 10358K [0x00000000c0000000, 0x00000000c3980000, 0x00000000eab00000)
  object space 58880K, 17% used [0x00000000c0000000,0x00000000c0a1dbc8,0x00000000c3980000)
 Metaspace       used 5840K, capacity 6896K, committed 7040K, reserved 1056768K
  class space    used 570K, capacity 616K, committed 640K, reserved 1048576K
Event: 11.261 GC heap after
Heap after GC invocations=5 (full 0):
 PSYoungGen      total 47616K, used 3552K [0x00000000eab00000, 0x00000000f1800000, 0x0000000100000000)
  eden space 44032K, 0% used [0x00000000eab00000,0x00000000eab00000,0x00000000ed600000)
  from space 3584K, 99% used [0x00000000ed600000,0x00000000ed978028,0x00000000ed980000)
  to   space 11776K, 0% used [0x00000000f0c80000,0x00000000f0c80000,0x00000000f1800000)
 ParOldGen       total 58880K, used 17849K [0x00000000c0000000, 0x00000000c3980000, 0x00000000eab00000)
  object space 58880K, 30% used [0x00000000c0000000,0x00000000c116e4b8,0x00000000c3980000)
 Metaspace       used 5840K, capacity 6896K, committed 7040K, reserved 1056768K
  class space    used 570K, capacity 616K, committed 640K, reserved 1048576K
}
Event: 12.629 GC heap before
{Heap before GC invocations=6 (full 0):
 PSYoungGen      total 47616K, used 47584K [0x00000000eab00000, 0x00000000f1800000, 0x0000000100000000)
  eden space 44032K, 100% used [0x00000000eab00000,0x00000000ed600000,0x00000000ed600000)
  from space 3584K, 99% used [0x00000000ed600000,0x00000000ed978028,0x00000000ed980000)
  to   space 11776K, 0% used [0x00000000f0c80000,0x00000000f0c80000,0x00000000f1800000)
 ParOldGen       total 58880K, used 17849K [0x00000000c0000000, 0x00000000c3980000, 0x00000000eab00000)
  object space 58880K, 30% used [0x00000000c0000000,0x00000000c116e4b8,0x00000000c3980000)
 Metaspace       used 5895K, capacity 6896K, committed 7040K, reserved 1056768K
  class space    used 570K, capacity 616K, committed 640K, reserved 1048576K
Event: 12.819 GC heap after
Heap after GC invocations=6 (full 0):
 PSYoungGen      total 98304K, used 11196K [0x00000000eab00000, 0x00000000f1b00000, 0x0000000100000000)
  eden space 86528K, 0% used [0x00000000eab00000,0x00000000eab00000,0x00000000eff80000)
  from space 11776K, 95% used [0x00000000f0c80000,0x00000000f176f328,0x00000000f1800000)
  to   space 13312K, 0% used [0x00000000eff80000,0x00000000eff80000,0x00000000f0c80000)
 ParOldGen       total 58880K, used 17849K [0x00000000c0000000, 0x00000000c3980000, 0x00000000eab00000)
  object space 58880K, 30% used [0x00000000c0000000,0x00000000c116e4b8,0x00000000c3980000)
 Metaspace       used 5895K, capacity 6896K, committed 7040K, reserved 1056768K
  class space    used 570K, capacity 616K, committed 640K, reserved 1048576K
}
Event: 15.363 GC heap before
{Heap before GC invocations=7 (full 0):
 PSYoungGen      total 98304K, used 97724K [0x00000000eab00000, 0x00000000f1b00000, 0x0000000100000000)
  eden space 86528K, 100% used [0x00000000eab00000,0x00000000eff80000,0x00000000eff80000)
  from space 11776K, 95% used [0x00000000f0c80000,0x00000000f176f328,0x00000000f1800000)
  to   space 13312K, 0% used [0x00000000eff80000,0x00000000eff80000,0x00000000f0c80000)
 ParOldGen       total 58880K, used 17849K [0x00000000c0000000, 0x00000000c3980000, 0x00000000eab00000)
  object space 58880K, 30% used [0x00000000c0000000,0x00000000c116e4b8,0x00000000c3980000)
 Metaspace       used 6125K, capacity 7024K, committed 7296K, reserved 1056768K
  class space    used 588K, capacity 616K, committed 640K, reserved 1048576K
Event: 15.668 GC heap after
Heap after GC invocations=7 (full 0):
 PSYoungGen      total 99840K, used 13305K [0x00000000eab00000, 0x00000000f7d00000, 0x0000000100000000)
  eden space 86528K, 0% used [0x00000000eab00000,0x00000000eab00000,0x00000000eff80000)
  from space 13312K, 99% used [0x00000000eff80000,0x00000000f0c7e488,0x00000000f0c80000)
  to   space 20992K, 0% used [0x00000000f6880000,0x00000000f6880000,0x00000000f7d00000)
 ParOldGen       total 58880K, used 29423K [0x00000000c0000000, 0x00000000c3980000, 0x00000000eab00000)
  object space 58880K, 49% used [0x00000000c0000000,0x00000000c1cbbc00,0x00000000c3980000)
 Metaspace       used 6125K, capacity 7024K, committed 7296K, reserved 1056768K
  class space    used 588K, capacity 616K, committed 640K, reserved 1048576K
}

