# JRE version: OpenJDK Runtime Environment (8.0_91-b14) (build 1.8.0_91-8u91-b14-0ubuntu4~14.04-b14)
# Java VM: OpenJDK 64-Bit Server VM (25.91-b14 mixed mode linux-amd64 compressed oops)
Heap:
 PSYoungGen      total 136704K, used 66255K [0x00000000eab00000, 0x00000000fca00000, 0x0000000100000000)
  eden space 118784K, 40% used [0x00000000eab00000,0x00000000eda3ba40,0x00000000f1f00000)
  from space 17920K, 99% used [0x00000000f1f00000,0x00000000f3078460,0x00000000f3080000)
  to   space 28160K, 0% used [0x00000000fae80000,0x00000000fae80000,0x00000000fca00000)
 ParOldGen       total 79360K, used 37730K [0x00000000c0000000, 0x00000000c4d80000, 0x00000000eab00000)
  object space 79360K, 47% used [0x00000000c0000000,0x00000000c24d8aa0,0x00000000c4d80000)
 Metaspace       used 6603K, capacity 7408K, committed 7552K, reserved 1056768K
  class space    used 601K, capacity 616K, committed 640K, reserved 1048576K
GC Heap History (10 events):
Event: 10.026 GC heap before
{Heap before GC invocations=3 (full 0):
 PSYoungGen      total 34816K, used 34794K [0x00000000eab00000, 0x00000000eef00000, 0x0000000100000000)
  eden space 30208K, 100% used [0x00000000eab00000,0x00000000ec880000,0x00000000ec880000)
  from space 4608K, 99% used [0x00000000ecd00000,0x00000000ed17aab8,0x00000000ed180000)
  to   space 4608K, 0% used [0x00000000ec880000,0x00000000ec880000,0x00000000ecd00000)
 ParOldGen       total 79360K, used 3662K [0x00000000c0000000, 0x00000000c4d80000, 0x00000000eab00000)
  object space 79360K, 4% used [0x00000000c0000000,0x00000000c0393b88,0x00000000c4d80000)
 Metaspace       used 5853K, capacity 6896K, committed 7040K, reserved 1056768K
  class space    used 566K, capacity 616K, committed 640K, reserved 1048576K
Event: 10.176 GC heap after
Heap after GC invocations=3 (full 0):
 PSYoungGen      total 34816K, used 4576K [0x00000000eab00000, 0x00000000eef00000, 0x0000000100000000)
  eden space 30208K, 0% used [0x00000000eab00000,0x00000000eab00000,0x00000000ec880000)
  from space 4608K, 99% used [0x00000000ec880000,0x00000000eccf8028,0x00000000ecd00000)
  to   space 4608K, 0% used [0x00000000eea80000,0x00000000eea80000,0x00000000eef00000)
 ParOldGen       total 79360K, used 8026K [0x00000000c0000000, 0x00000000c4d80000, 0x00000000eab00000)
  object space 79360K, 10% used [0x00000000c0000000,0x00000000c07d6a68,0x00000000c4d80000)
 Metaspace       used 5853K, capacity 6896K, committed 7040K, reserved 1056768K
  class space    used 566K, capacity 616K, committed 640K, reserved 1048576K
}
Event: 11.525 GC heap before
{Heap before GC invocations=4 (full 0):
 PSYoungGen      total 34816K, used 34784K [0x00000000eab00000, 0x00000000eef00000, 0x0000000100000000)
  eden space 30208K, 100% used [0x00000000eab00000,0x00000000ec880000,0x00000000ec880000)
  from space 4608K, 99% used [0x00000000ec880000,0x00000000eccf8028,0x00000000ecd00000)
  to   space 4608K, 0% used [0x00000000eea80000,0x00000000eea80000,0x00000000eef00000)
 ParOldGen       total 79360K, used 8026K [0x00000000c0000000, 0x00000000c4d80000, 0x00000000eab00000)
  object space 79360K, 10% used [0x00000000c0000000,0x00000000c07d6a68,0x00000000c4d80000)
 Metaspace       used 5869K, capacity 6896K, committed 7040K, reserved 1056768K
  class space    used 567K, capacity 616K, committed 640K, reserved 1048576K
Event: 11.682 GC heap after
Heap after GC invocations=4 (full 0):
 PSYoungGen      total 65024K, used 4576K [0x00000000eab00000, 0x00000000eef00000, 0x0000000100000000)
  eden space 60416K, 0% used [0x00000000eab00000,0x00000000eab00000,0x00000000ee600000)
  from space 4608K, 99% used [0x00000000eea80000,0x00000000eeef8028,0x00000000eef00000)
  to   space 4608K, 0% used [0x00000000ee600000,0x00000000ee600000,0x00000000eea80000)
 ParOldGen       total 79360K, used 12333K [0x00000000c0000000, 0x00000000c4d80000, 0x00000000eab00000)
  object space 79360K, 15% used [0x00000000c0000000,0x00000000c0c0b488,0x00000000c4d80000)
 Metaspace       used 5869K, capacity 6896K, committed 7040K, reserved 1056768K
  class space    used 567K, capacity 616K, committed 640K, reserved 1048576K
}
Event: 13.702 GC heap before
{Heap before GC invocations=5 (full 0):
 PSYoungGen      total 65024K, used 64992K [0x00000000eab00000, 0x00000000eef00000, 0x0000000100000000)
  eden space 60416K, 100% used [0x00000000eab00000,0x00000000ee600000,0x00000000ee600000)
  from space 4608K, 99% used [0x00000000eea80000,0x00000000eeef8028,0x00000000eef00000)
  to   space 4608K, 0% used [0x00000000ee600000,0x00000000ee600000,0x00000000eea80000)
 ParOldGen       total 79360K, used 12333K [0x00000000c0000000, 0x00000000c4d80000, 0x00000000eab00000)
  object space 79360K, 15% used [0x00000000c0000000,0x00000000c0c0b488,0x00000000c4d80000)
 Metaspace       used 5964K, capacity 7024K, committed 7296K, reserved 1056768K
  class space    used 567K, capacity 616K, committed 640K, reserved 1048576K
Event: 13.859 GC heap after
Heap after GC invocations=5 (full 0):
 PSYoungGen      total 65024K, used 4598K [0x00000000eab00000, 0x00000000f4000000, 0x0000000100000000)
  eden space 60416K, 0% used [0x00000000eab00000,0x00000000eab00000,0x00000000ee600000)
  from space 4608K, 99% used [0x00000000ee600000,0x00000000eea7d890,0x00000000eea80000)
  to   space 15872K, 0% used [0x00000000f3080000,0x00000000f3080000,0x00000000f4000000)
 ParOldGen       total 79360K, used 23650K [0x00000000c0000000, 0x00000000c4d80000, 0x00000000eab00000)
  object space 79360K, 29% used [0x00000000c0000000,0x00000000c1718b78,0x00000000c4d80000)
 Metaspace       used 5964K, capacity 7024K, committed 7296K, reserved 1056768K
  class space    used 567K, capacity 616K, committed 640K, reserved 1048576K
}
Event: 15.985 GC heap before
{Heap before GC invocations=6 (full 0):
 PSYoungGen      total 65024K, used 65014K [0x00000000eab00000, 0x00000000f4000000, 0x0000000100000000)
  eden space 60416K, 100% used [0x00000000eab00000,0x00000000ee600000,0x00000000ee600000)
  from space 4608K, 99% used [0x00000000ee600000,0x00000000eea7d890,0x00000000eea80000)
  to   space 15872K, 0% used [0x00000000f3080000,0x00000000f3080000,0x00000000f4000000)
 ParOldGen       total 79360K, used 23650K [0x00000000c0000000, 0x00000000c4d80000, 0x00000000eab00000)
  object space 79360K, 29% used [0x00000000c0000000,0x00000000c1718b78,0x00000000c4d80000)
 Metaspace       used 6193K, capacity 7088K, committed 7296K, reserved 1056768K
  class space    used 586K, capacity 616K, committed 640K, reserved 1048576K
Event: 16.186 GC heap after
Heap after GC invocations=6 (full 0):
 PSYoungGen      total 134656K, used 14892K [0x00000000eab00000, 0x00000000f4400000, 0x0000000100000000)
  eden space 118784K, 0% used [0x00000000eab00000,0x00000000eab00000,0x00000000f1f00000)
  from space 15872K, 93% used [0x00000000f3080000,0x00000000f3f0b3f8,0x00000000f4000000)
  to   space 17920K, 0% used [0x00000000f1f00000,0x00000000f1f00000,0x00000000f3080000)
 ParOldGen       total 79360K, used 23650K [0x00000000c0000000, 0x00000000c4d80000, 0x00000000eab00000)
  object space 79360K, 29% used [0x00000000c0000000,0x00000000c1718b78,0x00000000c4d80000)
 Metaspace       used 6193K, capacity 7088K, committed 7296K, reserved 1056768K
  class space    used 586K, capacity 616K, committed 640K, reserved 1048576K
}
Event: 20.713 GC heap before
{Heap before GC invocations=7 (full 0):
 PSYoungGen      total 134656K, used 133676K [0x00000000eab00000, 0x00000000f4400000, 0x0000000100000000)
  eden space 118784K, 100% used [0x00000000eab00000,0x00000000f1f00000,0x00000000f1f00000)
  from space 15872K, 93% used [0x00000000f3080000,0x00000000f3f0b3f8,0x00000000f4000000)
  to   space 17920K, 0% used [0x00000000f1f00000,0x00000000f1f00000,0x00000000f3080000)
 ParOldGen       total 79360K, used 23650K [0x00000000c0000000, 0x00000000c4d80000, 0x00000000eab00000)
  object space 79360K, 29% used [0x00000000c0000000,0x00000000c1718b78,0x00000000c4d80000)
 Metaspace       used 6262K, capacity 7152K, committed 7296K, reserved 1056768K
  class space    used 586K, capacity 616K, committed 640K, reserved 1048576K
Event: 21.047 GC heap after
Heap after GC invocations=7 (full 0):
 PSYoungGen      total 136704K, used 17889K [0x00000000eab00000, 0x00000000fca00000, 0x0000000100000000)
  eden space 118784K, 0% used [0x00000000eab00000,0x00000000eab00000,0x00000000f1f00000)
  from space 17920K, 99% used [0x00000000f1f00000,0x00000000f3078460,0x00000000f3080000)
  to   space 28160K, 0% used [0x00000000fae80000,0x00000000fae80000,0x00000000fca00000)
 ParOldGen       total 79360K, used 37730K [0x00000000c0000000, 0x00000000c4d80000, 0x00000000eab00000)
  object space 79360K, 47% used [0x00000000c0000000,0x00000000c24d8aa0,0x00000000c4d80000)
 Metaspace       used 6262K, capacity 7152K, committed 7296K, reserved 1056768K
  class space    used 586K, capacity 616K, committed 640K, reserved 1048576K
}

