# JRE version: OpenJDK Runtime Environment (8.0_76-b03) (build 1.8.0_76-release-b03)
# Java VM: OpenJDK 64-Bit Server VM (25.76-b03 mixed mode linux-amd64 compressed oops)
Heap:
 PSYoungGen      total 97792K, used 27853K [0x00000000eab00000, 0x00000000f1800000, 0x0000000100000000)
  eden space 87040K, 20% used [0x00000000eab00000,0x00000000ebcb9980,0x00000000f0000000)
  from space 10752K, 90% used [0x00000000f0b80000,0x00000000f14f9df8,0x00000000f1600000)
  to   space 11776K, 0% used [0x00000000f0000000,0x00000000f0000000,0x00000000f0b80000)
 ParOldGen       total 58880K, used 16892K [0x00000000c0000000, 0x00000000c3980000, 0x00000000eab00000)
  object space 58880K, 28% used [0x00000000c0000000,0x00000000c107f130,0x00000000c3980000)
 Metaspace       used 6279K, capacity 7216K, committed 7296K, reserved 1056768K
  class space    used 587K, capacity 616K, committed 640K, reserved 1048576K
GC Heap History (10 events):
Event: 5.335 GC heap before
{Heap before GC invocations=2 (full 0):
 PSYoungGen      total 25600K, used 25580K [0x00000000eab00000, 0x00000000ec780000, 0x0000000100000000)
  eden space 22016K, 100% used [0x00000000eab00000,0x00000000ec080000,0x00000000ec080000)
  from space 3584K, 99% used [0x00000000ec080000,0x00000000ec3fb120,0x00000000ec400000)
  to   space 3584K, 0% used [0x00000000ec400000,0x00000000ec400000,0x00000000ec780000)
 ParOldGen       total 58880K, used 1101K [0x00000000c0000000, 0x00000000c3980000, 0x00000000eab00000)
  object space 58880K, 1% used [0x00000000c0000000,0x00000000c01136d0,0x00000000c3980000)
 Metaspace       used 5811K, capacity 6832K, committed 7040K, reserved 1056768K
  class space    used 565K, capacity 616K, committed 640K, reserved 1048576K
Event: 5.405 GC heap after
Heap after GC invocations=2 (full 0):
 PSYoungGen      total 25600K, used 3575K [0x00000000eab00000, 0x00000000edd00000, 0x0000000100000000)
  eden space 22016K, 0% used [0x00000000eab00000,0x00000000eab00000,0x00000000ec080000)
  from space 3584K, 99% used [0x00000000ec400000,0x00000000ec77dc78,0x00000000ec780000)
  to   space 3584K, 0% used [0x00000000ec080000,0x00000000ec080000,0x00000000ec400000)
 ParOldGen       total 58880K, used 3303K [0x00000000c0000000, 0x00000000c3980000, 0x00000000eab00000)
  object space 58880K, 5% used [0x00000000c0000000,0x00000000c0339e18,0x00000000c3980000)
 Metaspace       used 5811K, capacity 6832K, committed 7040K, reserved 1056768K
  class space    used 565K, capacity 616K, committed 640K, reserved 1048576K
}
Event: 6.584 GC heap before
{Heap before GC invocations=3 (full 0):
 PSYoungGen      total 25600K, used 25591K [0x00000000eab00000, 0x00000000edd00000, 0x0000000100000000)
  eden space 22016K, 100% used [0x00000000eab00000,0x00000000ec080000,0x00000000ec080000)
  from space 3584K, 99% used [0x00000000ec400000,0x00000000ec77dc78,0x00000000ec780000)
  to   space 3584K, 0% used [0x00000000ec080000,0x00000000ec080000,0x00000000ec400000)
 ParOldGen       total 58880K, used 3303K [0x00000000c0000000, 0x00000000c3980000, 0x00000000eab00000)
  object space 58880K, 5% used [0x00000000c0000000,0x00000000c0339e18,0x00000000c3980000)
 Metaspace       used 5851K, capacity 6896K, committed 7040K, reserved 1056768K
  class space    used 566K, capacity 616K, committed 640K, reserved 1048576K
Event: 6.685 GC heap after
Heap after GC invocations=3 (full 0):
 PSYoungGen      total 25600K, used 3580K [0x00000000eab00000, 0x00000000edd00000, 0x0000000100000000)
  eden space 22016K, 0% used [0x00000000eab00000,0x00000000eab00000,0x00000000ec080000)
  from space 3584K, 99% used [0x00000000ec080000,0x00000000ec3ff280,0x00000000ec400000)
  to   space 3584K, 0% used [0x00000000ed980000,0x00000000ed980000,0x00000000edd00000)
 ParOldGen       total 58880K, used 7170K [0x00000000c0000000, 0x00000000c3980000, 0x00000000eab00000)
  object space 58880K, 12% used [0x00000000c0000000,0x00000000c0700970,0x00000000c3980000)
 Metaspace       used 5851K, capacity 6896K, committed 7040K, reserved 1056768K
  class space    used 566K, capacity 616K, committed 640K, reserved 1048576K
}
Event: 7.604 GC heap before
{Heap before GC invocations=4 (full 0):
 PSYoungGen      total 25600K, used 25596K [0x00000000eab00000, 0x00000000edd00000, 0x0000000100000000)
  eden space 22016K, 100% used [0x00000000eab00000,0x00000000ec080000,0x00000000ec080000)
  from space 3584K, 99% used [0x00000000ec080000,0x00000000ec3ff280,0x00000000ec400000)
  to   space 3584K, 0% used [0x00000000ed980000,0x00000000ed980000,0x00000000edd00000)
 ParOldGen       total 58880K, used 7170K [0x00000000c0000000, 0x00000000c3980000, 0x00000000eab00000)
  object space 58880K, 12% used [0x00000000c0000000,0x00000000c0700970,0x00000000c3980000)
 Metaspace       used 5865K, capacity 6896K, committed 7040K, reserved 1056768K
  class space    used 566K, capacity 616K, committed 640K, reserved 1048576K
Event: 7.694 GC heap after
Heap after GC invocations=4 (full 0):
 PSYoungGen      total 47616K, used 3580K [0x00000000eab00000, 0x00000000edd00000, 0x0000000100000000)
  eden space 44032K, 0% used [0x00000000eab00000,0x00000000eab00000,0x00000000ed600000)
  from space 3584K, 99% used [0x00000000ed980000,0x00000000edcff280,0x00000000edd00000)
  to   space 3584K, 0% used [0x00000000ed600000,0x00000000ed600000,0x00000000ed980000)
 ParOldGen       total 58880K, used 10525K [0x00000000c0000000, 0x00000000c3980000, 0x00000000eab00000)
  object space 58880K, 17% used [0x00000000c0000000,0x00000000c0a47688,0x00000000c3980000)
 Metaspace       used 5865K, capacity 6896K, committed 7040K, reserved 1056768K
  class space    used 566K, capacity 616K, committed 640K, reserved 1048576K
}
Event: 9.240 GC heap before
{Heap before GC invocations=5 (full 0):
 PSYoungGen      total 47616K, used 47612K [0x00000000eab00000, 0x00000000edd00000, 0x0000000100000000)
  eden space 44032K, 100% used [0x00000000eab00000,0x00000000ed600000,0x00000000ed600000)
  from space 3584K, 99% used [0x00000000ed980000,0x00000000edcff280,0x00000000edd00000)
  to   space 3584K, 0% used [0x00000000ed600000,0x00000000ed600000,0x00000000ed980000)
 ParOldGen       total 58880K, used 10525K [0x00000000c0000000, 0x00000000c3980000, 0x00000000eab00000)
  object space 58880K, 17% used [0x00000000c0000000,0x00000000c0a47688,0x00000000c3980000)
 Metaspace       used 5939K, capacity 6960K, committed 7040K, reserved 1056768K
  class space    used 571K, capacity 616K, committed 640K, reserved 1048576K
Event: 9.407 GC heap after
Heap after GC invocations=5 (full 0):
 PSYoungGen      total 47616K, used 3559K [0x00000000eab00000, 0x00000000f1600000, 0x0000000100000000)
  eden space 44032K, 0% used [0x00000000eab00000,0x00000000eab00000,0x00000000ed600000)
  from space 3584K, 99% used [0x00000000ed600000,0x00000000ed979df8,0x00000000ed980000)
  to   space 10752K, 0% used [0x00000000f0b80000,0x00000000f0b80000,0x00000000f1600000)
 ParOldGen       total 58880K, used 16892K [0x00000000c0000000, 0x00000000c3980000, 0x00000000eab00000)
  object space 58880K, 28% used [0x00000000c0000000,0x00000000c107f130,0x00000000c3980000)
 Metaspace       used 5939K, capacity 6960K, committed 7040K, reserved 1056768K
  class space    used 571K, capacity 616K, committed 640K, reserved 1048576K
}
Event: 10.690 GC heap before
{Heap before GC invocations=6 (full 0):
 PSYoungGen      total 47616K, used 47591K [0x00000000eab00000, 0x00000000f1600000, 0x0000000100000000)
  eden space 44032K, 100% used [0x00000000eab00000,0x00000000ed600000,0x00000000ed600000)
  from space 3584K, 99% used [0x00000000ed600000,0x00000000ed979df8,0x00000000ed980000)
  to   space 10752K, 0% used [0x00000000f0b80000,0x00000000f0b80000,0x00000000f1600000)
 ParOldGen       total 58880K, used 16892K [0x00000000c0000000, 0x00000000c3980000, 0x00000000eab00000)
  object space 58880K, 28% used [0x00000000c0000000,0x00000000c107f130,0x00000000c3980000)
 Metaspace       used 5983K, capacity 7024K, committed 7296K, reserved 1056768K
  class space    used 572K, capacity 616K, committed 640K, reserved 1048576K
Event: 10.884 GC heap after
Heap after GC invocations=6 (full 0):
 PSYoungGen      total 97792K, used 9703K [0x00000000eab00000, 0x00000000f1800000, 0x0000000100000000)
  eden space 87040K, 0% used [0x00000000eab00000,0x00000000eab00000,0x00000000f0000000)
  from space 10752K, 90% used [0x00000000f0b80000,0x00000000f14f9df8,0x00000000f1600000)
  to   space 11776K, 0% used [0x00000000f0000000,0x00000000f0000000,0x00000000f0b80000)
 ParOldGen       total 58880K, used 16892K [0x00000000c0000000, 0x00000000c3980000, 0x00000000eab00000)
  object space 58880K, 28% used [0x00000000c0000000,0x00000000c107f130,0x00000000c3980000)
 Metaspace       used 5983K, capacity 7024K, committed 7296K, reserved 1056768K
  class space    used 572K, capacity 616K, committed 640K, reserved 1048576K
}

