# JRE version: OpenJDK Runtime Environment (8.0_76-b03) (build 1.8.0_76-release-b03)
# Java VM: OpenJDK 64-Bit Server VM (25.76-b03 mixed mode linux-amd64 compressed oops)
Heap:
 PSYoungGen      total 190464K, used 59533K [0x00000000eab00000, 0x00000000f7d00000, 0x0000000100000000)
  eden space 173568K, 25% used [0x00000000eab00000,0x00000000ed604880,0x00000000f5480000)
  from space 16896K, 91% used [0x00000000f6780000,0x00000000f769ec20,0x00000000f7800000)
  to   space 19456K, 0% used [0x00000000f5480000,0x00000000f5480000,0x00000000f6780000)
 ParOldGen       total 58880K, used 26796K [0x00000000c0000000, 0x00000000c3980000, 0x00000000eab00000)
  object space 58880K, 45% used [0x00000000c0000000,0x00000000c1a2b2d0,0x00000000c3980000)
 Metaspace       used 6299K, capacity 7152K, committed 7296K, reserved 1056768K
  class space    used 590K, capacity 616K, committed 640K, reserved 1048576K
GC Heap History (10 events):
Event: 5.663 GC heap before
{Heap before GC invocations=2 (full 0):
 PSYoungGen      total 25600K, used 25573K [0x00000000eab00000, 0x00000000edd00000, 0x0000000100000000)
  eden space 22016K, 100% used [0x00000000eab00000,0x00000000ec080000,0x00000000ec080000)
  from space 3584K, 99% used [0x00000000ec080000,0x00000000ec3f96c8,0x00000000ec400000)
  to   space 3584K, 0% used [0x00000000ed980000,0x00000000ed980000,0x00000000edd00000)
 ParOldGen       total 58880K, used 990K [0x00000000c0000000, 0x00000000c3980000, 0x00000000eab00000)
  object space 58880K, 1% used [0x00000000c0000000,0x00000000c00f7af8,0x00000000c3980000)
 Metaspace       used 5760K, capacity 6768K, committed 7040K, reserved 1056768K
  class space    used 572K, capacity 616K, committed 640K, reserved 1048576K
Event: 5.699 GC heap after
Heap after GC invocations=2 (full 0):
 PSYoungGen      total 47616K, used 3575K [0x00000000eab00000, 0x00000000edd00000, 0x0000000100000000)
  eden space 44032K, 0% used [0x00000000eab00000,0x00000000eab00000,0x00000000ed600000)
  from space 3584K, 99% used [0x00000000ed980000,0x00000000edcfdc88,0x00000000edd00000)
  to   space 3584K, 0% used [0x00000000ed600000,0x00000000ed600000,0x00000000ed980000)
 ParOldGen       total 58880K, used 2584K [0x00000000c0000000, 0x00000000c3980000, 0x00000000eab00000)
  object space 58880K, 4% used [0x00000000c0000000,0x00000000c0286300,0x00000000c3980000)
 Metaspace       used 5760K, capacity 6768K, committed 7040K, reserved 1056768K
  class space    used 572K, capacity 616K, committed 640K, reserved 1048576K
}
Event: 8.134 GC heap before
{Heap before GC invocations=3 (full 0):
 PSYoungGen      total 47616K, used 47607K [0x00000000eab00000, 0x00000000edd00000, 0x0000000100000000)
  eden space 44032K, 100% used [0x00000000eab00000,0x00000000ed600000,0x00000000ed600000)
  from space 3584K, 99% used [0x00000000ed980000,0x00000000edcfdc88,0x00000000edd00000)
  to   space 3584K, 0% used [0x00000000ed600000,0x00000000ed600000,0x00000000ed980000)
 ParOldGen       total 58880K, used 2584K [0x00000000c0000000, 0x00000000c3980000, 0x00000000eab00000)
  object space 58880K, 4% used [0x00000000c0000000,0x00000000c0286300,0x00000000c3980000)
 Metaspace       used 6009K, capacity 6960K, committed 7040K, reserved 1056768K
  class space    used 590K, capacity 616K, committed 640K, reserved 1048576K
Event: 8.257 GC heap after
Heap after GC invocations=3 (full 0):
 PSYoungGen      total 47616K, used 3583K [0x00000000eab00000, 0x00000000f0800000, 0x0000000100000000)
  eden space 44032K, 0% used [0x00000000eab00000,0x00000000eab00000,0x00000000ed600000)
  from space 3584K, 99% used [0x00000000ed600000,0x00000000ed97fd20,0x00000000ed980000)
  to   space 3584K, 0% used [0x00000000f0480000,0x00000000f0480000,0x00000000f0800000)
 ParOldGen       total 58880K, used 7964K [0x00000000c0000000, 0x00000000c3980000, 0x00000000eab00000)
  object space 58880K, 13% used [0x00000000c0000000,0x00000000c07c7310,0x00000000c3980000)
 Metaspace       used 6009K, capacity 6960K, committed 7040K, reserved 1056768K
  class space    used 590K, capacity 616K, committed 640K, reserved 1048576K
}
Event: 9.866 GC heap before
{Heap before GC invocations=4 (full 0):
 PSYoungGen      total 47616K, used 47615K [0x00000000eab00000, 0x00000000f0800000, 0x0000000100000000)
  eden space 44032K, 100% used [0x00000000eab00000,0x00000000ed600000,0x00000000ed600000)
  from space 3584K, 99% used [0x00000000ed600000,0x00000000ed97fd20,0x00000000ed980000)
  to   space 3584K, 0% used [0x00000000f0480000,0x00000000f0480000,0x00000000f0800000)
 ParOldGen       total 58880K, used 7964K [0x00000000c0000000, 0x00000000c3980000, 0x00000000eab00000)
  object space 58880K, 13% used [0x00000000c0000000,0x00000000c07c7310,0x00000000c3980000)
 Metaspace       used 6020K, capacity 6960K, committed 7040K, reserved 1056768K
  class space    used 590K, capacity 616K, committed 640K, reserved 1048576K
Event: 10.000 GC heap after
Heap after GC invocations=4 (full 0):
 PSYoungGen      total 91648K, used 3565K [0x00000000eab00000, 0x00000000f0800000, 0x0000000100000000)
  eden space 88064K, 0% used [0x00000000eab00000,0x00000000eab00000,0x00000000f0100000)
  from space 3584K, 99% used [0x00000000f0480000,0x00000000f07fb630,0x00000000f0800000)
  to   space 3584K, 0% used [0x00000000f0100000,0x00000000f0100000,0x00000000f0480000)
 ParOldGen       total 58880K, used 14567K [0x00000000c0000000, 0x00000000c3980000, 0x00000000eab00000)
  object space 58880K, 24% used [0x00000000c0000000,0x00000000c0e39ea8,0x00000000c3980000)
 Metaspace       used 6020K, capacity 6960K, committed 7040K, reserved 1056768K
  class space    used 590K, capacity 616K, committed 640K, reserved 1048576K
}
Event: 13.317 GC heap before
{Heap before GC invocations=5 (full 0):
 PSYoungGen      total 91648K, used 91629K [0x00000000eab00000, 0x00000000f0800000, 0x0000000100000000)
  eden space 88064K, 100% used [0x00000000eab00000,0x00000000f0100000,0x00000000f0100000)
  from space 3584K, 99% used [0x00000000f0480000,0x00000000f07fb630,0x00000000f0800000)
  to   space 3584K, 0% used [0x00000000f0100000,0x00000000f0100000,0x00000000f0480000)
 ParOldGen       total 58880K, used 14567K [0x00000000c0000000, 0x00000000c3980000, 0x00000000eab00000)
  object space 58880K, 24% used [0x00000000c0000000,0x00000000c0e39ea8,0x00000000c3980000)
 Metaspace       used 6142K, capacity 7024K, committed 7296K, reserved 1056768K
  class space    used 590K, capacity 616K, committed 640K, reserved 1048576K
Event: 13.537 GC heap after
Heap after GC invocations=5 (full 0):
 PSYoungGen      total 91648K, used 3558K [0x00000000eab00000, 0x00000000f7800000, 0x0000000100000000)
  eden space 88064K, 0% used [0x00000000eab00000,0x00000000eab00000,0x00000000f0100000)
  from space 3584K, 99% used [0x00000000f0100000,0x00000000f0479b18,0x00000000f0480000)
  to   space 16896K, 0% used [0x00000000f6780000,0x00000000f6780000,0x00000000f7800000)
 ParOldGen       total 58880K, used 26796K [0x00000000c0000000, 0x00000000c3980000, 0x00000000eab00000)
  object space 58880K, 45% used [0x00000000c0000000,0x00000000c1a2b2d0,0x00000000c3980000)
 Metaspace       used 6142K, capacity 7024K, committed 7296K, reserved 1056768K
  class space    used 590K, capacity 616K, committed 640K, reserved 1048576K
}
Event: 16.194 GC heap before
{Heap before GC invocations=6 (full 0):
 PSYoungGen      total 91648K, used 91622K [0x00000000eab00000, 0x00000000f7800000, 0x0000000100000000)
  eden space 88064K, 100% used [0x00000000eab00000,0x00000000f0100000,0x00000000f0100000)
  from space 3584K, 99% used [0x00000000f0100000,0x00000000f0479b18,0x00000000f0480000)
  to   space 16896K, 0% used [0x00000000f6780000,0x00000000f6780000,0x00000000f7800000)
 ParOldGen       total 58880K, used 26796K [0x00000000c0000000, 0x00000000c3980000, 0x00000000eab00000)
  object space 58880K, 45% used [0x00000000c0000000,0x00000000c1a2b2d0,0x00000000c3980000)
 Metaspace       used 6260K, capacity 7152K, committed 7296K, reserved 1056768K
  class space    used 590K, capacity 616K, committed 640K, reserved 1048576K
Event: 16.510 GC heap after
Heap after GC invocations=6 (full 0):
 PSYoungGen      total 190464K, used 15483K [0x00000000eab00000, 0x00000000f7d00000, 0x0000000100000000)
  eden space 173568K, 0% used [0x00000000eab00000,0x00000000eab00000,0x00000000f5480000)
  from space 16896K, 91% used [0x00000000f6780000,0x00000000f769ec20,0x00000000f7800000)
  to   space 19456K, 0% used [0x00000000f5480000,0x00000000f5480000,0x00000000f6780000)
 ParOldGen       total 58880K, used 26796K [0x00000000c0000000, 0x00000000c3980000, 0x00000000eab00000)
  object space 58880K, 45% used [0x00000000c0000000,0x00000000c1a2b2d0,0x00000000c3980000)
 Metaspace       used 6260K, capacity 7152K, committed 7296K, reserved 1056768K
  class space    used 590K, capacity 616K, committed 640K, reserved 1048576K
}

